<?xml version="1.0" encoding="UTF-8"?>
<!-- Generated by org.testng.reporters.JUnitReportReporter -->
<testsuite hostname="LAPTOP-KDC18MEN" failures="0" tests="1" name="com.ecommerce.external.browser.screenshot.BrowserScreenshotTest" time="98.225" errors="0" timestamp="2022-07-25T16:18:26 IST" skipped="0">
  <testcase classname="com.ecommerce.external.browser.screenshot.BrowserScreenshotTest" name="screenShotTest" time="98.225"/>
  <system-out/>
</testsuite> <!-- com.ecommerce.external.browser.screenshot.BrowserScreenshotTest -->
