<?xml version="1.0" encoding="UTF-8"?>
<!-- Generated by org.testng.reporters.JUnitReportReporter -->
<testsuite hostname="LAPTOP-KDC18MEN" failures="0" tests="1" name="com.ecommerce.external.browser.popups.BrowserWindowTest" time="40.927" errors="0" timestamp="2022-07-25T15:22:35 IST" skipped="0">
  <testcase classname="com.ecommerce.external.browser.popups.BrowserWindowTest" name="verifyLocationAmazonTest" time="40.927"/>
  <system-out/>
</testsuite> <!-- com.ecommerce.external.browser.popups.BrowserWindowTest -->
