<?xml version="1.0" encoding="UTF-8"?>
<!-- Generated by org.testng.reporters.JUnitReportReporter -->
<testsuite hostname="LAPTOP-KDC18MEN" failures="0" tests="2" name="com.ecommerce.testng.external.elements.ConfirmationAnnotationTest" time="42.196" errors="0" timestamp="2022-07-23T17:27:51 IST" skipped="0">
  <testcase classname="com.ecommerce.testng.external.elements.ConfirmationAnnotationTest" name="alertBoxTest" time="22.968"/>
  <system-out/>
  <testcase classname="com.ecommerce.testng.external.elements.ConfirmationAnnotationTest" name="testForWebConfirmationBox" time="19.228"/>
  <system-out/>
</testsuite> <!-- com.ecommerce.testng.external.elements.ConfirmationAnnotationTest -->
