<?xml version="1.0" encoding="UTF-8"?>
<!-- Generated by org.testng.reporters.JUnitReportReporter -->
<testsuite hostname="LAPTOP-KDC18MEN" failures="0" tests="1" name="com.ecommerce.testng.AmazonTest.ExplicitwaitTest" time="117.937" errors="0" timestamp="2022-07-23T16:28:02 IST" skipped="0">
  <testcase classname="com.ecommerce.testng.AmazonTest.ExplicitwaitTest" name="mobileLinkTest" time="117.937"/>
  <system-out/>
</testsuite> <!-- com.ecommerce.testng.AmazonTest.ExplicitwaitTest -->
