<?xml version="1.0" encoding="UTF-8"?>
<!-- Generated by org.testng.reporters.JUnitReportReporter -->
<testsuite hostname="LAPTOP-KDC18MEN" failures="0" tests="2" name="com.ecommerce.testng.AmazonTest.TestNgAnnotation" time="0.012" errors="0" timestamp="2022-07-22T23:07:13 IST" skipped="0">
  <testcase classname="com.ecommerce.testng.AmazonTest.TestNgAnnotation" name="test2" time="0.003"/>
  <system-out/>
  <testcase classname="com.ecommerce.testng.AmazonTest.TestNgAnnotation" name="test1" time="0.009"/>
  <system-out/>
</testsuite> <!-- com.ecommerce.testng.AmazonTest.TestNgAnnotation -->
