<?xml version="1.0" encoding="UTF-8"?>
<!-- Generated by org.testng.reporters.JUnitReportReporter -->
<testsuite hostname="LAPTOP-KDC18MEN" failures="0" tests="2" name="com.ecommerce.testng.AmazonTest.AmazonHomePageTest" time="0.044" errors="0" timestamp="2022-07-23T14:14:03 IST" skipped="0">
  <testcase classname="com.ecommerce.testng.AmazonTest.AmazonHomePageTest" name="verifyAmazonUrl" time="0.009"/>
  <system-out/>
  <testcase classname="com.ecommerce.testng.AmazonTest.AmazonHomePageTest" name="amazonHomePageTitle" time="0.035"/>
  <system-out/>
</testsuite> <!-- com.ecommerce.testng.AmazonTest.AmazonHomePageTest -->
