<?xml version="1.0" encoding="UTF-8"?>
<!-- Generated by org.testng.reporters.JUnitReportReporter -->
<testsuite hostname="LAPTOP-KDC18MEN" failures="0" tests="2" name="com.ecommerce.testng.AmazonTest.WaitTest" time="127.130" errors="0" timestamp="2022-07-23T16:08:41 IST" skipped="0">
  <testcase classname="com.ecommerce.testng.AmazonTest.WaitTest" name="testTitle" time="29.960"/>
  <system-out/>
  <testcase classname="com.ecommerce.testng.AmazonTest.WaitTest" name="testMobilelink" time="97.170"/>
  <system-out/>
</testsuite> <!-- com.ecommerce.testng.AmazonTest.WaitTest -->
