<?xml version="1.0" encoding="UTF-8"?>
<!-- Generated by org.testng.reporters.JUnitReportReporter -->
<testsuite hostname="LAPTOP-KDC18MEN" failures="0" tests="7" name="com.ecommerce.testng.external.elements.radioCheck" time="49.140" errors="0" timestamp="2022-07-23T23:45:09 IST" skipped="0">
  <testcase classname="com.ecommerce.testng.external.elements.radioCheck" name="radioButtonExistTest" time="6.334"/>
  <system-out/>
  <testcase classname="com.ecommerce.testng.external.elements.radioCheck" name="radioButtonFemaleClickTest" time="3.361"/>
  <system-out/>
  <testcase classname="com.ecommerce.testng.external.elements.radioCheck" name="radioButtonClickTest" time="6.634"/>
  <system-out/>
  <testcase classname="com.ecommerce.testng.external.elements.radioCheck" name="testSelect" time="6.209"/>
  <system-out/>
  <testcase classname="com.ecommerce.testng.external.elements.radioCheck" name="checkBoxTest" time="2.568"/>
  <system-out/>
  <testcase classname="com.ecommerce.testng.external.elements.radioCheck" name="defaultcheckBoxTest" time="17.899"/>
  <system-out/>
  <testcase classname="com.ecommerce.testng.external.elements.radioCheck" name="verifySelection" time="6.135"/>
  <system-out/>
</testsuite> <!-- com.ecommerce.testng.external.elements.radioCheck -->
